<?xml version="1.0" encoding="UTF-8"?>
<testng-results ignored="0" total="1" passed="1" failed="0" skipped="0">
  <reporter-output>
    <line>
      <![CDATA[Empty browser has been launched in JenkinsTest class]]>
    </line>
  </reporter-output>
  <suite started-at="2025-06-14T11:07:43 IST" name="Default suite" finished-at="2025-06-14T11:07:48 IST" duration-ms="5505">
    <groups>
    </groups>
    <test started-at="2025-06-14T11:07:43 IST" name="Default test" finished-at="2025-06-14T11:07:48 IST" duration-ms="5505">
      <class name="jenkins_overview.JenkinsTest">
        <test-method signature="launch()[pri:0, instance:jenkins_overview.JenkinsTest@4c583ecf]" started-at="2025-06-14T11:07:43 IST" name="launch" finished-at="2025-06-14T11:07:48 IST" duration-ms="5374" status="PASS">
          <reporter-output>
            <line>
              <![CDATA[Empty browser has been launched in JenkinsTest class]]>
            </line>
          </reporter-output>
        </test-method> <!-- launch -->
      </class> <!-- jenkins_overview.JenkinsTest -->
    </test> <!-- Default test -->
  </suite> <!-- Default suite -->
</testng-results>
